#
# There is insufficient memory for the Java Runtime Environment to continue.
# Native memory allocation (malloc) failed to allocate 1048576 bytes for AllocateHeap
# Possible reasons:
#   The system is out of physical RAM or swap space
#   The process is running with CompressedOops enabled, and the Java Heap may be blocking the growth of the native heap
# Possible solutions:
#   Reduce memory load on the system
#   Increase physical memory or swap space
#   Check if swap backing store is full
#   Decrease Java heap size (-Xmx/-Xms)
#   Decrease number of Java threads
#   Decrease Java thread stack sizes (-Xss)
#   Set larger code cache with -XX:ReservedCodeCacheSize=
#   JVM is running with Unscaled Compressed Oops mode in which the Java heap is
#     placed in the first 4GB address space. The Java Heap base address is the
#     maximum limit for the native heap growth. Please use -XX:HeapBaseMinAddress
#     to set the Java Heap base and to place the Java Heap above 4GB virtual address.
# This output file may be truncated or incomplete.
#
#  Out of Memory Error (memory/allocation.inline.hpp:61), pid=348, tid=0x000000000000bc34
#
# JRE version:  (8.0_202-b39) (build )
# Java VM: OpenJDK 64-Bit Server VM (25.202-b39 mixed mode windows-amd64 compressed oops)
# Failed to write core dump. Minidumps are not enabled by default on client versions of Windows
#

---------------  T H R E A D  ---------------

Current thread (0x000000000193e000):  JavaThread "Unknown thread" [_thread_in_vm, id=48180, stack(0x00000000031c0000,0x00000000032c0000)]

Stack: [0x00000000031c0000,0x00000000032c0000]
[error occurred during error reporting (printing stack bounds), id 0xc0000005]

Native frames: (J=compiled Java code, j=interpreted, Vv=VM code, C=native code)


---------------  P R O C E S S  ---------------

Java Threads: ( => current thread )

Other Threads:

=>0x000000000193e000 (exited) JavaThread "Unknown thread" [_thread_in_vm, id=48180, stack(0x00000000031c0000,0x00000000032c0000)]

VM state:not at safepoint (normal execution)

VM Mutex/Monitor currently owned by a thread: None

heap address: 0x0000000081c00000, size: 2020 MB, Compressed Oops mode: 32-bit
Narrow klass base: 0x0000000000000000, Narrow klass shift: 3
Compressed class space size: 1073741824 Address: 0x0000000100000000

Heap:
 PSYoungGen      total 38400K, used 665K [0x00000000d5f00000, 0x00000000d8980000, 0x0000000100000000)
  eden space 33280K, 2% used [0x00000000d5f00000,0x00000000d5fa6670,0x00000000d7f80000)
  from space 5120K, 0% used [0x00000000d8480000,0x00000000d8480000,0x00000000d8980000)
  to   space 5120K, 0% used [0x00000000d7f80000,0x00000000d7f80000,0x00000000d8480000)
 ParOldGen       total 87552K, used 0K [0x0000000081c00000, 0x0000000087180000, 0x00000000d5f00000)
  object space 87552K, 0% used [0x0000000081c00000,0x0000000081c00000,0x0000000087180000)
 Metaspace       used 777K, capacity 4480K, committed 4480K, reserved 1056768K
  class space    used 74K, capacity 384K, committed 384K, reserved 1048576K

Card table byte_map: [0x0000000012860000,0x0000000012c60000] byte_map_base: 0x0000000012452000

Marking Bits: (ParMarkBitMap*) 0x0000000068289f30
 Begin Bits: [0x0000000013710000, 0x00000000156a0000)
 End Bits:   [0x00000000156a0000, 0x0000000017630000)

Polling page: 0x0000000001390000

CodeCache: size=245760Kb used=328Kb max_used=328Kb free=245431Kb
 bounds [0x00000000034a0000, 0x0000000003710000, 0x00000000124a0000]
 total_blobs=57 nmethods=0 adapters=38
 compilation: enabled

Compilation events (0 events):
No events

GC Heap History (0 events):
No events

Deoptimization events (0 events):
No events

Classes redefined (0 events):
No events

Internal exceptions (0 events):
No events

Events (10 events):
Event: 0.019 loading class java/lang/Short
Event: 0.019 loading class java/lang/Short done
Event: 0.019 loading class java/lang/Integer
Event: 0.020 loading class java/lang/Integer done
Event: 0.020 loading class java/lang/Long
Event: 0.020 loading class java/lang/Long done
Event: 0.020 loading class java/lang/NullPointerException
Event: 0.020 loading class java/lang/NullPointerException done
Event: 0.020 loading class java/lang/ArithmeticException
Event: 0.020 loading class java/lang/ArithmeticException done


Dynamic libraries:
0x00007ff745380000 - 0x00007ff7453b1000 	C:\Program Files\JetBrains\CLion 2019.1\jre64\bin\java.exe
0x00007ffafc960000 - 0x00007ffafcb41000 	C:\Windows\SYSTEM32\ntdll.dll
0x00007ffafaea0000 - 0x00007ffafaf51000 	C:\Windows\System32\KERNEL32.DLL
0x00007ffaf8e60000 - 0x00007ffaf90d3000 	C:\Windows\System32\KERNELBASE.dll
0x00007ffafc870000 - 0x00007ffafc911000 	C:\Windows\System32\ADVAPI32.dll
0x00007ffaf9df0000 - 0x00007ffaf9e8e000 	C:\Windows\System32\msvcrt.dll
0x00007ffafb010000 - 0x00007ffafb06b000 	C:\Windows\System32\sechost.dll
0x00007ffafa420000 - 0x00007ffafa544000 	C:\Windows\System32\RPCRT4.dll
0x00007ffafaca0000 - 0x00007ffafae30000 	C:\Windows\System32\USER32.dll
0x00007ffaf8de0000 - 0x00007ffaf8e00000 	C:\Windows\System32\win32u.dll
0x00007ffaf9ea0000 - 0x00007ffaf9ec8000 	C:\Windows\System32\GDI32.dll
0x00007ffaf90e0000 - 0x00007ffaf9272000 	C:\Windows\System32\gdi32full.dll
0x00007ffaf9280000 - 0x00007ffaf931f000 	C:\Windows\System32\msvcp_win.dll
0x00007ffaf9c70000 - 0x00007ffaf9d68000 	C:\Windows\System32\ucrtbase.dll
0x00007ffae9f20000 - 0x00007ffaea189000 	C:\Windows\WinSxS\amd64_microsoft.windows.common-controls_6595b64144ccf1df_6.0.17134.706_none_fb43a2cb30647007\COMCTL32.dll
0x00007ffaf9f30000 - 0x00007ffafa252000 	C:\Windows\System32\combase.dll
0x00007ffaf9d70000 - 0x00007ffaf9dea000 	C:\Windows\System32\bcryptPrimitives.dll
0x00007ffafb0d0000 - 0x00007ffafb0fd000 	C:\Windows\System32\IMM32.DLL
0x00000000679e0000 - 0x0000000067ab2000 	C:\Program Files\JetBrains\CLion 2019.1\jre64\bin\msvcr100.dll
0x0000000067ac0000 - 0x0000000068306000 	C:\Program Files\JetBrains\CLion 2019.1\jre64\bin\server\jvm.dll
0x00007ffafc5a0000 - 0x00007ffafc5a8000 	C:\Windows\System32\PSAPI.DLL
0x00007ffaf53e0000 - 0x00007ffaf53e9000 	C:\Windows\SYSTEM32\WSOCK32.dll
0x00007ffaf48c0000 - 0x00007ffaf48e3000 	C:\Windows\SYSTEM32\WINMM.dll
0x00007ffaf34e0000 - 0x00007ffaf34ea000 	C:\Windows\SYSTEM32\VERSION.dll
0x00007ffafae30000 - 0x00007ffafae9c000 	C:\Windows\System32\WS2_32.dll
0x00007ffaf4890000 - 0x00007ffaf48ba000 	C:\Windows\SYSTEM32\winmmbase.dll
0x00007ffaf9510000 - 0x00007ffaf9559000 	C:\Windows\System32\cfgmgr32.dll
0x00007ffaf4810000 - 0x00007ffaf481f000 	C:\Program Files\JetBrains\CLion 2019.1\jre64\bin\verify.dll
0x00007ffaf0330000 - 0x00007ffaf0359000 	C:\Program Files\JetBrains\CLion 2019.1\jre64\bin\java.dll
0x00007ffae6bd0000 - 0x00007ffae6be6000 	C:\Program Files\JetBrains\CLion 2019.1\jre64\bin\zip.dll

VM Arguments:
java_command: org.jetbrains.git4idea.http.GitAskPassApp Password for 'https://github.com': 
java_class_path (initial): C:/Program Files/JetBrains/CLion 2019.1/plugins/git4idea/lib/git4idea-rt.jar;C:/Program Files/JetBrains/CLion 2019.1/lib/xmlrpc-2.0.1.jar;C:/Program Files/JetBrains/CLion 2019.1/lib/commons-codec-1.10.jar;C:/Program Files/JetBrains/CLion 2019.1/lib/util.jar
Launcher Type: SUN_STANDARD

Environment Variables:
PATH=C:/Program Files/Git/mingw64/libexec/git-core;C:/Program Files/Git/mingw64/libexec/git-core;C:\Program Files\Git\mingw64\bin;C:\Program Files\Git\usr\bin;C:\Users\Jordi\bin;C:\Program Files (x86)\Common Files\Oracle\Java\javapath;C:\Windows\system32;C:\Windows;C:\Windows\System32\Wbem;C:\Windows\System32\WindowsPowerShell\v1.0\;C:\Windows\System32\OpenSSH\;C:\Program Files\Microsoft VS Code\bin;C:\Program Files\PuTTY\;C:\Program Files\Geth;D:\Salle\Mates\MathLabb\runtime\win64;D:\Salle\Mates\MathLabb\bin;D:\Salle\Mates\MathLaab\runtime\win64;D:\Salle\Mates\MathLaab\bin;C:\Program Files\Git\cmd;C:\Users\Jordi\AppData\Local\Microsoft\WindowsApps;C:\Users\Jordi\AppData\Local\GitHubDesktop\bin;C:\Users\Jordi\AppData\Local\atom\bin
USERNAME=Jordi
DISPLAY=:0.0
OS=Windows_NT
PROCESSOR_IDENTIFIER=Intel64 Family 6 Model 158 Stepping 9, GenuineIntel



---------------  S Y S T E M  ---------------

OS: Windows 10.0 , 64 bit Build 17134 (10.0.17134.706)

CPU:total 8 (initial active 8) (4 cores per cpu, 2 threads per core) family 6 model 158 stepping 9, cmov, cx8, fxsr, mmx, sse, sse2, sse3, ssse3, sse4.1, sse4.2, popcnt, avx, avx2, aes, clmul, erms, 3dnowpref, lzcnt, ht, tsc, tscinvbit, bmi1, bmi2, adx

Memory: 4k page, physical 8270668k(834136k free), swap 23753480k(6108k free)

vm_info: OpenJDK 64-Bit Server VM (25.202-b39) for windows-amd64 JRE (1.8.0_202-release-1483-b39), built on Mar  7 2019 22:58:46 by "builduser" with MS VC++ 10.0 (VS2010)

time: Fri May 17 20:48:43 2019
timezone: Hora de verano romance
elapsed time: 0 seconds (0d 0h 0m 0s)

